<?xml version="1.0" encoding="UTF-8"?>
<!-- Generated by org.testng.reporters.JUnitReportReporter -->
<testsuite hostname="QT-INBG-LT0706" failures="0" tests="6" name="mobile_world_testcases.pageobjects.mainpage" time="27.052" errors="0" timestamp="2022-09-19T14:07:54 IST" skipped="0">
  <testcase classname="mobile_world_testcases.pageobjects.mainpage" name="login_username" time="5.919"/>
  <system-out/>
  <testcase classname="mobile_world_testcases.pageobjects.mainpage" name="login_username" time="6.164"/>
  <system-out/>
  <testcase classname="mobile_world_testcases.pageobjects.mainpage" name="login_username" time="3.065"/>
  <system-out/>
  <testcase classname="mobile_world_testcases.pageobjects.mainpage" name="login_username" time="5.525"/>
  <system-out/>
  <testcase classname="mobile_world_testcases.pageobjects.mainpage" name="login_username" time="3.415"/>
  <system-out/>
  <testcase classname="mobile_world_testcases.pageobjects.mainpage" name="login_username" time="2.964"/>
  <system-out/>
</testsuite> <!-- mobile_world_testcases.pageobjects.mainpage -->
