<?xml version="1.0" encoding="UTF-8"?>
<!-- Generated by org.testng.reporters.JUnitReportReporter -->
<testsuite hostname="QT-INBG-LT0706" failures="0" tests="19" name="mobile.contactus" time="115.711" errors="0" timestamp="2022-09-21T15:49:55 IST" skipped="0">
  <testcase classname="mobile.contactus" name="contact_us_username" time="6.681"/>
  <system-out/>
  <testcase classname="mobile.contactus" name="contact_us_email" time="5.772"/>
  <system-out/>
  <testcase classname="mobile.contactus" name="contact_us_username" time="5.344"/>
  <system-out/>
  <testcase classname="mobile.contactus" name="contact_us_username" time="5.474"/>
  <system-out/>
  <testcase classname="mobile.contactus" name="contact_us_username" time="5.433"/>
  <system-out/>
  <testcase classname="mobile.contactus" name="contact_us_phonenumber" time="5.167"/>
  <system-out/>
  <testcase classname="mobile.contactus" name="contact_us_phonenumber" time="5.166"/>
  <system-out/>
  <testcase classname="mobile.contactus" name="contact_us_phonenumber" time="6.491"/>
  <system-out/>
  <testcase classname="mobile.contactus" name="contact_us_message" time="4.670"/>
  <system-out/>
  <testcase classname="mobile.contactus" name="contact_us_message" time="8.513"/>
  <system-out/>
  <testcase classname="mobile.contactus" name="contact_us_phonenumber" time="5.611"/>
  <system-out/>
  <testcase classname="mobile.contactus" name="contact_us_email" time="6.521"/>
  <system-out/>
  <testcase classname="mobile.contactus" name="contact_us_message" time="5.640"/>
  <system-out/>
  <testcase classname="mobile.contactus" name="contact_us_phonenumber" time="5.557"/>
  <system-out/>
  <testcase classname="mobile.contactus" name="contact_us_username" time="6.647"/>
  <system-out/>
  <testcase classname="mobile.contactus" name="contact_us_integration" time="7.344"/>
  <system-out/>
  <testcase classname="mobile.contactus" name="contact_us_message" time="5.908"/>
  <system-out/>
  <testcase classname="mobile.contactus" name="contact_us_message" time="6.063"/>
  <system-out/>
  <testcase classname="mobile.contactus" name="contact_us_phonenumber" time="7.709"/>
  <system-out/>
</testsuite> <!-- mobile.contactus -->
